2015-11-25 20:17:32 - PHP Notice:  Error: Could not load model Z:/home/opencart.lh/www/admin/model/sale/customer_group.php! in Z:\home\opencart.lh\www\vqmod\vqcache\vq2-system_engine_loader.php on line 63
2015-11-25 20:33:52 - Missing provider application credentials.

HybridAuth Error: Your application key and secret are required in order to connect to Twitter.

Trace:
 #0 Z:\home\opencart.lh\www\system\library\Hybrid\Providers\Twitter.php(18): Hybrid_Provider_Model_OAuth1->initialize()
#1 Z:\home\opencart.lh\www\system\library\Hybrid\Provider_Model.php(90): Hybrid_Providers_Twitter->initialize()
#2 Z:\home\opencart.lh\www\system\library\Hybrid\Provider_Adapter.php(101): Hybrid_Provider_Model->__construct('Twitter', Array, Array)
#3 Z:\home\opencart.lh\www\system\library\Hybrid\Auth.php(277): Hybrid_Provider_Adapter->factory('Twitter', Array)
#4 Z:\home\opencart.lh\www\system\library\Hybrid\Auth.php(229): Hybrid_Auth::setup('Twitter', NULL)
#5 Z:\home\opencart.lh\www\catalog\controller\module\d_social_login.php(103): Hybrid_Auth::authenticate('Twitter')
#6 [internal function]: ControllerModuleDSocialLogin->login(Array)
#7 Z:\home\opencart.lh\www\vqmod\vqcache\vq2-system_engine_action.php(46): call_user_func(Array, Array)
#8 Z:\home\opencart.lh\www\system\engine\front.php(34): Action->execute(Object(Registry))
#9 Z:\home\opencart.lh\www\system\engine\front.php(29): Front->execute(Object(Action))
#10 Z:\home\opencart.lh\www\index.php(275): Front->dispatch(Object(Action), Object(Action))
#11 {main}
2015-11-25 20:54:29 - Missing provider application credentials.

HybridAuth Error: Your application key and secret are required in order to connect to Twitter.

Trace:
 #0 Z:\home\opencart.lh\www\system\library\Hybrid\Providers\Twitter.php(18): Hybrid_Provider_Model_OAuth1->initialize()
#1 Z:\home\opencart.lh\www\system\library\Hybrid\Provider_Model.php(90): Hybrid_Providers_Twitter->initialize()
#2 Z:\home\opencart.lh\www\system\library\Hybrid\Provider_Adapter.php(101): Hybrid_Provider_Model->__construct('Twitter', Array, Array)
#3 Z:\home\opencart.lh\www\system\library\Hybrid\Auth.php(277): Hybrid_Provider_Adapter->factory('Twitter', Array)
#4 Z:\home\opencart.lh\www\system\library\Hybrid\Auth.php(229): Hybrid_Auth::setup('Twitter', NULL)
#5 Z:\home\opencart.lh\www\catalog\controller\module\d_social_login.php(103): Hybrid_Auth::authenticate('Twitter')
#6 [internal function]: ControllerModuleDSocialLogin->login(Array)
#7 Z:\home\opencart.lh\www\vqmod\vqcache\vq2-system_engine_action.php(46): call_user_func(Array, Array)
#8 Z:\home\opencart.lh\www\system\engine\front.php(34): Action->execute(Object(Registry))
#9 Z:\home\opencart.lh\www\system\engine\front.php(29): Front->execute(Object(Action))
#10 Z:\home\opencart.lh\www\index.php(275): Front->dispatch(Object(Action), Object(Action))
#11 {main}
2015-11-25 20:56:52 - Missing provider application credentials.

HybridAuth Error: Your application key and secret are required in order to connect to Twitter.

Trace:
 #0 Z:\home\opencart.lh\www\system\library\Hybrid\Providers\Twitter.php(18): Hybrid_Provider_Model_OAuth1->initialize()
#1 Z:\home\opencart.lh\www\system\library\Hybrid\Provider_Model.php(90): Hybrid_Providers_Twitter->initialize()
#2 Z:\home\opencart.lh\www\system\library\Hybrid\Provider_Adapter.php(101): Hybrid_Provider_Model->__construct('Twitter', Array, Array)
#3 Z:\home\opencart.lh\www\system\library\Hybrid\Auth.php(277): Hybrid_Provider_Adapter->factory('Twitter', Array)
#4 Z:\home\opencart.lh\www\system\library\Hybrid\Auth.php(229): Hybrid_Auth::setup('Twitter', NULL)
#5 Z:\home\opencart.lh\www\catalog\controller\module\d_social_login.php(103): Hybrid_Auth::authenticate('Twitter')
#6 [internal function]: ControllerModuleDSocialLogin->login(Array)
#7 Z:\home\opencart.lh\www\vqmod\vqcache\vq2-system_engine_action.php(46): call_user_func(Array, Array)
#8 Z:\home\opencart.lh\www\system\engine\front.php(34): Action->execute(Object(Registry))
#9 Z:\home\opencart.lh\www\system\engine\front.php(29): Front->execute(Object(Action))
#10 Z:\home\opencart.lh\www\index.php(275): Front->dispatch(Object(Action), Object(Action))
#11 {main}
2015-11-25 20:57:44 - Missing provider application credentials.

HybridAuth Error: Your application key and secret are required in order to connect to Twitter.

Trace:
 #0 Z:\home\opencart.lh\www\system\library\Hybrid\Providers\Twitter.php(18): Hybrid_Provider_Model_OAuth1->initialize()
#1 Z:\home\opencart.lh\www\system\library\Hybrid\Provider_Model.php(90): Hybrid_Providers_Twitter->initialize()
#2 Z:\home\opencart.lh\www\system\library\Hybrid\Provider_Adapter.php(101): Hybrid_Provider_Model->__construct('Twitter', Array, Array)
#3 Z:\home\opencart.lh\www\system\library\Hybrid\Auth.php(277): Hybrid_Provider_Adapter->factory('Twitter', Array)
#4 Z:\home\opencart.lh\www\system\library\Hybrid\Auth.php(229): Hybrid_Auth::setup('Twitter', NULL)
#5 Z:\home\opencart.lh\www\catalog\controller\module\d_social_login.php(103): Hybrid_Auth::authenticate('Twitter')
#6 [internal function]: ControllerModuleDSocialLogin->login(Array)
#7 Z:\home\opencart.lh\www\vqmod\vqcache\vq2-system_engine_action.php(46): call_user_func(Array, Array)
#8 Z:\home\opencart.lh\www\system\engine\front.php(34): Action->execute(Object(Registry))
#9 Z:\home\opencart.lh\www\system\engine\front.php(29): Front->execute(Object(Action))
#10 Z:\home\opencart.lh\www\index.php(275): Front->dispatch(Object(Action), Object(Action))
#11 {main}
2015-11-25 20:59:12 - Missing provider application credentials.

HybridAuth Error: Your application key and secret are required in order to connect to Twitter.

Trace:
 #0 Z:\home\opencart.lh\www\system\library\Hybrid\Providers\Twitter.php(18): Hybrid_Provider_Model_OAuth1->initialize()
#1 Z:\home\opencart.lh\www\system\library\Hybrid\Provider_Model.php(90): Hybrid_Providers_Twitter->initialize()
#2 Z:\home\opencart.lh\www\system\library\Hybrid\Provider_Adapter.php(101): Hybrid_Provider_Model->__construct('Twitter', Array, Array)
#3 Z:\home\opencart.lh\www\system\library\Hybrid\Auth.php(277): Hybrid_Provider_Adapter->factory('Twitter', Array)
#4 Z:\home\opencart.lh\www\system\library\Hybrid\Auth.php(229): Hybrid_Auth::setup('Twitter', NULL)
#5 Z:\home\opencart.lh\www\catalog\controller\module\d_social_login.php(103): Hybrid_Auth::authenticate('Twitter')
#6 [internal function]: ControllerModuleDSocialLogin->login(Array)
#7 Z:\home\opencart.lh\www\vqmod\vqcache\vq2-system_engine_action.php(46): call_user_func(Array, Array)
#8 Z:\home\opencart.lh\www\system\engine\front.php(34): Action->execute(Object(Registry))
#9 Z:\home\opencart.lh\www\system\engine\front.php(29): Front->execute(Object(Action))
#10 Z:\home\opencart.lh\www\index.php(275): Front->dispatch(Object(Action), Object(Action))
#11 {main}
2015-11-25 20:59:15 - Missing provider application credentials.

HybridAuth Error: Your application key and secret are required in order to connect to Twitter.

Trace:
 #0 Z:\home\opencart.lh\www\system\library\Hybrid\Providers\Twitter.php(18): Hybrid_Provider_Model_OAuth1->initialize()
#1 Z:\home\opencart.lh\www\system\library\Hybrid\Provider_Model.php(90): Hybrid_Providers_Twitter->initialize()
#2 Z:\home\opencart.lh\www\system\library\Hybrid\Provider_Adapter.php(101): Hybrid_Provider_Model->__construct('Twitter', Array, Array)
#3 Z:\home\opencart.lh\www\system\library\Hybrid\Auth.php(277): Hybrid_Provider_Adapter->factory('Twitter', Array)
#4 Z:\home\opencart.lh\www\system\library\Hybrid\Auth.php(229): Hybrid_Auth::setup('Twitter', NULL)
#5 Z:\home\opencart.lh\www\catalog\controller\module\d_social_login.php(103): Hybrid_Auth::authenticate('Twitter')
#6 [internal function]: ControllerModuleDSocialLogin->login(Array)
#7 Z:\home\opencart.lh\www\vqmod\vqcache\vq2-system_engine_action.php(46): call_user_func(Array, Array)
#8 Z:\home\opencart.lh\www\system\engine\front.php(34): Action->execute(Object(Registry))
#9 Z:\home\opencart.lh\www\system\engine\front.php(29): Front->execute(Object(Action))
#10 Z:\home\opencart.lh\www\index.php(275): Front->dispatch(Object(Action), Object(Action))
#11 {main}
2015-11-25 20:59:45 - Missing provider application credentials.

HybridAuth Error: Your application key and secret are required in order to connect to Twitter.

Trace:
 #0 Z:\home\opencart.lh\www\system\library\Hybrid\Providers\Twitter.php(18): Hybrid_Provider_Model_OAuth1->initialize()
#1 Z:\home\opencart.lh\www\system\library\Hybrid\Provider_Model.php(90): Hybrid_Providers_Twitter->initialize()
#2 Z:\home\opencart.lh\www\system\library\Hybrid\Provider_Adapter.php(101): Hybrid_Provider_Model->__construct('Twitter', Array, Array)
#3 Z:\home\opencart.lh\www\system\library\Hybrid\Auth.php(277): Hybrid_Provider_Adapter->factory('Twitter', Array)
#4 Z:\home\opencart.lh\www\system\library\Hybrid\Auth.php(229): Hybrid_Auth::setup('Twitter', NULL)
#5 Z:\home\opencart.lh\www\catalog\controller\module\d_social_login.php(103): Hybrid_Auth::authenticate('Twitter')
#6 [internal function]: ControllerModuleDSocialLogin->login(Array)
#7 Z:\home\opencart.lh\www\vqmod\vqcache\vq2-system_engine_action.php(46): call_user_func(Array, Array)
#8 Z:\home\opencart.lh\www\system\engine\front.php(34): Action->execute(Object(Registry))
#9 Z:\home\opencart.lh\www\system\engine\front.php(29): Front->execute(Object(Action))
#10 Z:\home\opencart.lh\www\index.php(275): Front->dispatch(Object(Action), Object(Action))
#11 {main}
2015-11-25 21:01:18 - Missing provider application credentials.

HybridAuth Error: Your application key and secret are required in order to connect to Twitter.

Trace:
 #0 Z:\home\opencart.lh\www\system\library\Hybrid\Providers\Twitter.php(18): Hybrid_Provider_Model_OAuth1->initialize()
#1 Z:\home\opencart.lh\www\system\library\Hybrid\Provider_Model.php(90): Hybrid_Providers_Twitter->initialize()
#2 Z:\home\opencart.lh\www\system\library\Hybrid\Provider_Adapter.php(101): Hybrid_Provider_Model->__construct('Twitter', Array, Array)
#3 Z:\home\opencart.lh\www\system\library\Hybrid\Auth.php(277): Hybrid_Provider_Adapter->factory('Twitter', Array)
#4 Z:\home\opencart.lh\www\system\library\Hybrid\Auth.php(229): Hybrid_Auth::setup('Twitter', NULL)
#5 Z:\home\opencart.lh\www\catalog\controller\module\d_social_login.php(103): Hybrid_Auth::authenticate('Twitter')
#6 [internal function]: ControllerModuleDSocialLogin->login(Array)
#7 Z:\home\opencart.lh\www\vqmod\vqcache\vq2-system_engine_action.php(46): call_user_func(Array, Array)
#8 Z:\home\opencart.lh\www\system\engine\front.php(34): Action->execute(Object(Registry))
#9 Z:\home\opencart.lh\www\system\engine\front.php(29): Front->execute(Object(Action))
#10 Z:\home\opencart.lh\www\index.php(275): Front->dispatch(Object(Action), Object(Action))
#11 {main}
2015-11-25 21:01:56 - Missing provider application credentials.

HybridAuth Error: Your application key and secret are required in order to connect to Twitter.

Trace:
 #0 Z:\home\opencart.lh\www\system\library\Hybrid\Providers\Twitter.php(18): Hybrid_Provider_Model_OAuth1->initialize()
#1 Z:\home\opencart.lh\www\system\library\Hybrid\Provider_Model.php(90): Hybrid_Providers_Twitter->initialize()
#2 Z:\home\opencart.lh\www\system\library\Hybrid\Provider_Adapter.php(101): Hybrid_Provider_Model->__construct('Twitter', Array, Array)
#3 Z:\home\opencart.lh\www\system\library\Hybrid\Auth.php(277): Hybrid_Provider_Adapter->factory('Twitter', Array)
#4 Z:\home\opencart.lh\www\system\library\Hybrid\Auth.php(229): Hybrid_Auth::setup('Twitter', NULL)
#5 Z:\home\opencart.lh\www\catalog\controller\module\d_social_login.php(103): Hybrid_Auth::authenticate('Twitter')
#6 [internal function]: ControllerModuleDSocialLogin->login(Array)
#7 Z:\home\opencart.lh\www\vqmod\vqcache\vq2-system_engine_action.php(46): call_user_func(Array, Array)
#8 Z:\home\opencart.lh\www\system\engine\front.php(34): Action->execute(Object(Registry))
#9 Z:\home\opencart.lh\www\system\engine\front.php(29): Front->execute(Object(Action))
#10 Z:\home\opencart.lh\www\index.php(275): Front->dispatch(Object(Action), Object(Action))
#11 {main}
2015-11-25 21:02:33 - Missing provider application credentials.

HybridAuth Error: Your application key and secret are required in order to connect to Twitter.

Trace:
 #0 Z:\home\opencart.lh\www\system\library\Hybrid\Providers\Twitter.php(18): Hybrid_Provider_Model_OAuth1->initialize()
#1 Z:\home\opencart.lh\www\system\library\Hybrid\Provider_Model.php(90): Hybrid_Providers_Twitter->initialize()
#2 Z:\home\opencart.lh\www\system\library\Hybrid\Provider_Adapter.php(101): Hybrid_Provider_Model->__construct('Twitter', Array, Array)
#3 Z:\home\opencart.lh\www\system\library\Hybrid\Auth.php(277): Hybrid_Provider_Adapter->factory('Twitter', Array)
#4 Z:\home\opencart.lh\www\system\library\Hybrid\Auth.php(229): Hybrid_Auth::setup('Twitter', NULL)
#5 Z:\home\opencart.lh\www\catalog\controller\module\d_social_login.php(103): Hybrid_Auth::authenticate('Twitter')
#6 [internal function]: ControllerModuleDSocialLogin->login(Array)
#7 Z:\home\opencart.lh\www\vqmod\vqcache\vq2-system_engine_action.php(46): call_user_func(Array, Array)
#8 Z:\home\opencart.lh\www\system\engine\front.php(34): Action->execute(Object(Registry))
#9 Z:\home\opencart.lh\www\system\engine\front.php(29): Front->execute(Object(Action))
#10 Z:\home\opencart.lh\www\index.php(275): Front->dispatch(Object(Action), Object(Action))
#11 {main}
2015-11-25 21:03:14 - Missing provider application credentials.

HybridAuth Error: Your application key and secret are required in order to connect to Twitter.

Trace:
 #0 Z:\home\opencart.lh\www\system\library\Hybrid\Providers\Twitter.php(18): Hybrid_Provider_Model_OAuth1->initialize()
#1 Z:\home\opencart.lh\www\system\library\Hybrid\Provider_Model.php(90): Hybrid_Providers_Twitter->initialize()
#2 Z:\home\opencart.lh\www\system\library\Hybrid\Provider_Adapter.php(101): Hybrid_Provider_Model->__construct('Twitter', Array, Array)
#3 Z:\home\opencart.lh\www\system\library\Hybrid\Auth.php(277): Hybrid_Provider_Adapter->factory('Twitter', Array)
#4 Z:\home\opencart.lh\www\system\library\Hybrid\Auth.php(229): Hybrid_Auth::setup('Twitter', NULL)
#5 Z:\home\opencart.lh\www\catalog\controller\module\d_social_login.php(103): Hybrid_Auth::authenticate('Twitter')
#6 [internal function]: ControllerModuleDSocialLogin->login(Array)
#7 Z:\home\opencart.lh\www\vqmod\vqcache\vq2-system_engine_action.php(46): call_user_func(Array, Array)
#8 Z:\home\opencart.lh\www\system\engine\front.php(34): Action->execute(Object(Registry))
#9 Z:\home\opencart.lh\www\system\engine\front.php(29): Front->execute(Object(Action))
#10 Z:\home\opencart.lh\www\index.php(275): Front->dispatch(Object(Action), Object(Action))
#11 {main}
2015-11-25 21:04:28 - Missing provider application credentials.

HybridAuth Error: Your application key and secret are required in order to connect to Twitter.

Trace:
 #0 Z:\home\opencart.lh\www\system\library\Hybrid\Providers\Twitter.php(18): Hybrid_Provider_Model_OAuth1->initialize()
#1 Z:\home\opencart.lh\www\system\library\Hybrid\Provider_Model.php(90): Hybrid_Providers_Twitter->initialize()
#2 Z:\home\opencart.lh\www\system\library\Hybrid\Provider_Adapter.php(101): Hybrid_Provider_Model->__construct('Twitter', Array, Array)
#3 Z:\home\opencart.lh\www\system\library\Hybrid\Auth.php(277): Hybrid_Provider_Adapter->factory('Twitter', Array)
#4 Z:\home\opencart.lh\www\system\library\Hybrid\Auth.php(229): Hybrid_Auth::setup('Twitter', NULL)
#5 Z:\home\opencart.lh\www\catalog\controller\module\d_social_login.php(103): Hybrid_Auth::authenticate('Twitter')
#6 [internal function]: ControllerModuleDSocialLogin->login(Array)
#7 Z:\home\opencart.lh\www\vqmod\vqcache\vq2-system_engine_action.php(46): call_user_func(Array, Array)
#8 Z:\home\opencart.lh\www\system\engine\front.php(34): Action->execute(Object(Registry))
#9 Z:\home\opencart.lh\www\system\engine\front.php(29): Front->execute(Object(Action))
#10 Z:\home\opencart.lh\www\index.php(275): Front->dispatch(Object(Action), Object(Action))
#11 {main}
2015-11-25 21:07:15 - Missing provider application credentials.

HybridAuth Error: Your application key and secret are required in order to connect to Twitter.

Trace:
 #0 Z:\home\opencart.lh\www\system\library\Hybrid\Providers\Twitter.php(18): Hybrid_Provider_Model_OAuth1->initialize()
#1 Z:\home\opencart.lh\www\system\library\Hybrid\Provider_Model.php(90): Hybrid_Providers_Twitter->initialize()
#2 Z:\home\opencart.lh\www\system\library\Hybrid\Provider_Adapter.php(101): Hybrid_Provider_Model->__construct('Twitter', Array, Array)
#3 Z:\home\opencart.lh\www\system\library\Hybrid\Auth.php(277): Hybrid_Provider_Adapter->factory('Twitter', Array)
#4 Z:\home\opencart.lh\www\system\library\Hybrid\Auth.php(229): Hybrid_Auth::setup('Twitter', NULL)
#5 Z:\home\opencart.lh\www\catalog\controller\module\d_social_login.php(103): Hybrid_Auth::authenticate('Twitter')
#6 [internal function]: ControllerModuleDSocialLogin->login(Array)
#7 Z:\home\opencart.lh\www\vqmod\vqcache\vq2-system_engine_action.php(46): call_user_func(Array, Array)
#8 Z:\home\opencart.lh\www\system\engine\front.php(34): Action->execute(Object(Registry))
#9 Z:\home\opencart.lh\www\system\engine\front.php(29): Front->execute(Object(Action))
#10 Z:\home\opencart.lh\www\index.php(275): Front->dispatch(Object(Action), Object(Action))
#11 {main}
2015-11-25 21:12:24 - Missing provider application credentials.

HybridAuth Error: Your application key and secret are required in order to connect to Twitter.

Trace:
 #0 Z:\home\opencart.lh\www\system\library\Hybrid\Providers\Twitter.php(18): Hybrid_Provider_Model_OAuth1->initialize()
#1 Z:\home\opencart.lh\www\system\library\Hybrid\Provider_Model.php(90): Hybrid_Providers_Twitter->initialize()
#2 Z:\home\opencart.lh\www\system\library\Hybrid\Provider_Adapter.php(101): Hybrid_Provider_Model->__construct('Twitter', Array, Array)
#3 Z:\home\opencart.lh\www\system\library\Hybrid\Auth.php(277): Hybrid_Provider_Adapter->factory('Twitter', Array)
#4 Z:\home\opencart.lh\www\system\library\Hybrid\Auth.php(229): Hybrid_Auth::setup('Twitter', NULL)
#5 Z:\home\opencart.lh\www\catalog\controller\module\d_social_login.php(103): Hybrid_Auth::authenticate('Twitter')
#6 [internal function]: ControllerModuleDSocialLogin->login(Array)
#7 Z:\home\opencart.lh\www\vqmod\vqcache\vq2-system_engine_action.php(46): call_user_func(Array, Array)
#8 Z:\home\opencart.lh\www\system\engine\front.php(34): Action->execute(Object(Registry))
#9 Z:\home\opencart.lh\www\system\engine\front.php(29): Front->execute(Object(Action))
#10 Z:\home\opencart.lh\www\index.php(275): Front->dispatch(Object(Action), Object(Action))
#11 {main}
2015-11-25 22:27:21 - PHP Notice:  Undefined variable: entry_export in Z:\home\opencart.lh\www\admin\view\template\tool\backup.tpl on line 43
